<?xml version="1.0" encoding="UTF-8"?>
<testsuite name="service.PaymentServiceTest" tests="3" skipped="0" failures="0" errors="0" timestamp="2021-11-05T10:35:18" hostname="BR0C02DX1NAMD6Q" time="0.63">
  <properties/>
  <testcase name="create payment" classname="service.PaymentServiceTest" time="0.612"/>
  <testcase name="exception create payment " classname="service.PaymentServiceTest" time="0.008"/>
  <testcase name="get payment by Id" classname="service.PaymentServiceTest" time="0.01"/>
  <system-out><![CDATA[]]></system-out>
  <system-err><![CDATA[]]></system-err>
</testsuite>
