<?xml version="1.0" encoding="UTF-8"?>
<testsuite name="controller.PaymentControllerTest" tests="2" skipped="0" failures="0" errors="0" timestamp="2021-11-05T11:12:52" hostname="BR0C02DX1NAMD6Q" time="2.822">
  <properties/>
  <testcase name="create payment" classname="controller.PaymentControllerTest" time="2.674"/>
  <testcase name="get payment id" classname="controller.PaymentControllerTest" time="0.148"/>
  <system-out><![CDATA[]]></system-out>
  <system-err><![CDATA[ERROR StatusLogger No log4j2 configuration file found. Using default configuration: logging only errors to the console. Set system property 'log4j2.debug' to show Log4j2 internal initialization logging.
]]></system-err>
</testsuite>
