<?xml version="1.0" encoding="UTF-8"?>
<testsuite name="controller.PaymentControllerTest" tests="2" skipped="0" failures="0" errors="0" timestamp="2021-10-21T17:50:56" hostname="BR0C02DX1NAMD6Q" time="4.993">
  <properties/>
  <testcase name="create payment" classname="controller.PaymentControllerTest" time="4.783"/>
  <testcase name="get payment id" classname="controller.PaymentControllerTest" time="0.21"/>
  <system-out><![CDATA[]]></system-out>
  <system-err><![CDATA[SLF4J: Failed to load class "org.slf4j.impl.StaticLoggerBinder".
SLF4J: Defaulting to no-operation (NOP) logger implementation
SLF4J: See http://www.slf4j.org/codes.html#StaticLoggerBinder for further details.
]]></system-err>
</testsuite>
