<?xml version="1.0" encoding="UTF-8"?>
<testsuite name="controller.PaymentControllerTest" tests="2" skipped="0" failures="1" errors="0" timestamp="2021-11-05T10:35:15" hostname="BR0C02DX1NAMD6Q" time="2.469">
  <properties/>
  <testcase name="create payment" classname="controller.PaymentControllerTest" time="2.349">
    <failure message="java.lang.NullPointerException" type="java.lang.NullPointerException">java.lang.NullPointerException
	at services.PaymentService.buildPayment(PaymentService.java:34)
	at services.PaymentService.newPayment(PaymentService.java:23)
	at controller.PaymentController.createNewPayment(PaymentController.java:18)
	at controller.PaymentControllerTest.create payment(PaymentControllerTest.groovy:43)
</failure>
  </testcase>
  <testcase name="get payment id" classname="controller.PaymentControllerTest" time="0.12"/>
  <system-out><![CDATA[]]></system-out>
  <system-err><![CDATA[ERROR StatusLogger No log4j2 configuration file found. Using default configuration: logging only errors to the console. Set system property 'log4j2.debug' to show Log4j2 internal initialization logging.
]]></system-err>
</testsuite>
