<?xml version="1.0" encoding="UTF-8"?>
<testsuite name="controller.PreferenceControllerTest" tests="2" skipped="0" failures="0" errors="0" timestamp="2021-11-05T11:12:55" hostname="BR0C02DX1NAMD6Q" time="0.17">
  <properties/>
  <testcase name="create preference" classname="controller.PreferenceControllerTest" time="0.164"/>
  <testcase name="get preference id" classname="controller.PreferenceControllerTest" time="0.006"/>
  <system-out><![CDATA[]]></system-out>
  <system-err><![CDATA[]]></system-err>
</testsuite>
